<?xml version="1.0" encoding="UTF-8"?>
<testng-results ignored="0" total="1" passed="1" failed="0" skipped="0">
  <reporter-output>
  </reporter-output>
  <suite started-at="2022-06-22T09:56:06Z" name="TestSuite.AllTest" finished-at="2022-06-22T09:57:04Z" duration-ms="57334">
    <groups>
    </groups>
    <test started-at="2022-06-22T09:56:06Z" name="Command line test" finished-at="2022-06-22T09:57:04Z" duration-ms="57334">
      <class name="TestSuite.AllTest">
        <test-method signature="testing()[pri:0, instance:TestSuite.AllTest@569cfc36]" started-at="2022-06-22T09:56:06Z" name="testing" finished-at="2022-06-22T09:57:04Z" duration-ms="57291" status="PASS">
          <reporter-output>
          </reporter-output>
        </test-method> <!-- testing -->
      </class> <!-- TestSuite.AllTest -->
    </test> <!-- Command line test -->
  </suite> <!-- TestSuite.AllTest -->
</testng-results>
